[debug] [2026-05-17T14:00:33.539Z] ----------------------------------------------------------------------
[debug] [2026-05-17T14:00:33.542Z] Command:       C:\Program Files\nodejs\node.exe C:\Users\Admin\AppData\Roaming\npm\node_modules\firebase-tools\lib\bin\firebase.js deploy --only functions
[debug] [2026-05-17T14:00:33.542Z] CLI Version:   15.15.0
[debug] [2026-05-17T14:00:33.542Z] Platform:      win32
[debug] [2026-05-17T14:00:33.542Z] Node Version:  v24.14.0
[debug] [2026-05-17T14:00:33.542Z] Time:          Sun May 17 2026 17:00:33 GMT+0300 (Türkiye Standard Time)
[debug] [2026-05-17T14:00:33.542Z] ----------------------------------------------------------------------
[debug] 
[debug] [2026-05-17T14:00:35.286Z] > command requires scopes: ["email","openid","https://www.googleapis.com/auth/cloudplatformprojects.readonly","https://www.googleapis.com/auth/firebase","https://www.googleapis.com/auth/cloud-platform"]
[debug] [2026-05-17T14:00:35.286Z] > authorizing via signed-in user (albiskarbiskar1998@gmail.com)
[debug] [2026-05-17T14:00:35.286Z] [iam] checking project earn-app-sy for permissions ["cloudfunctions.functions.create","cloudfunctions.functions.delete","cloudfunctions.functions.get","cloudfunctions.functions.list","cloudfunctions.functions.update","cloudfunctions.operations.get","firebase.projects.get"]
[debug] [2026-05-17T14:00:35.320Z] Checked if tokens are valid: true, expires at: 1779028775776
[debug] [2026-05-17T14:00:35.320Z] Checked if tokens are valid: true, expires at: 1779028775776
[debug] [2026-05-17T14:00:35.321Z] >>> [apiv2][query] POST https://cloudresourcemanager.googleapis.com/v1/projects/earn-app-sy:testIamPermissions [none]
[debug] [2026-05-17T14:00:35.321Z] >>> [apiv2][(partial)header] POST https://cloudresourcemanager.googleapis.com/v1/projects/earn-app-sy:testIamPermissions  x-goog-user-project=earn-app-sy
[debug] [2026-05-17T14:00:35.321Z] >>> [apiv2][body] POST https://cloudresourcemanager.googleapis.com/v1/projects/earn-app-sy:testIamPermissions {"permissions":["cloudfunctions.functions.create","cloudfunctions.functions.delete","cloudfunctions.functions.get","cloudfunctions.functions.list","cloudfunctions.functions.update","cloudfunctions.operations.get","firebase.projects.get"]}
[debug] [2026-05-17T14:00:36.325Z] <<< [apiv2][status] POST https://cloudresourcemanager.googleapis.com/v1/projects/earn-app-sy:testIamPermissions 200
[debug] [2026-05-17T14:00:36.325Z] <<< [apiv2][body] POST https://cloudresourcemanager.googleapis.com/v1/projects/earn-app-sy:testIamPermissions {"permissions":["cloudfunctions.functions.create","cloudfunctions.functions.delete","cloudfunctions.functions.get","cloudfunctions.functions.list","cloudfunctions.functions.update","cloudfunctions.operations.get","firebase.projects.get"]}
[debug] [2026-05-17T14:00:36.325Z] Checked if tokens are valid: true, expires at: 1779028775776
[debug] [2026-05-17T14:00:36.325Z] Checked if tokens are valid: true, expires at: 1779028775776
[debug] [2026-05-17T14:00:36.325Z] >>> [apiv2][query] POST https://iam.googleapis.com/v1/projects/earn-app-sy/serviceAccounts/earn-app-sy@appspot.gserviceaccount.com:testIamPermissions [none]
[debug] [2026-05-17T14:00:36.325Z] >>> [apiv2][body] POST https://iam.googleapis.com/v1/projects/earn-app-sy/serviceAccounts/earn-app-sy@appspot.gserviceaccount.com:testIamPermissions {"permissions":["iam.serviceAccounts.actAs"]}
[debug] [2026-05-17T14:00:37.286Z] <<< [apiv2][status] POST https://iam.googleapis.com/v1/projects/earn-app-sy/serviceAccounts/earn-app-sy@appspot.gserviceaccount.com:testIamPermissions 200
[debug] [2026-05-17T14:00:37.286Z] <<< [apiv2][body] POST https://iam.googleapis.com/v1/projects/earn-app-sy/serviceAccounts/earn-app-sy@appspot.gserviceaccount.com:testIamPermissions {"permissions":["iam.serviceAccounts.actAs"]}
[info] 
[info] === Deploying to 'earn-app-sy'...
[info] 
[info] i  deploying functions 
[debug] [2026-05-17T14:00:37.293Z] Checked if tokens are valid: true, expires at: 1779028775776
[debug] [2026-05-17T14:00:37.293Z] Checked if tokens are valid: true, expires at: 1779028775776
[debug] [2026-05-17T14:00:37.293Z] >>> [apiv2][query] GET https://cloudresourcemanager.googleapis.com/v1/projects/earn-app-sy [none]
[debug] [2026-05-17T14:00:37.504Z] <<< [apiv2][status] GET https://cloudresourcemanager.googleapis.com/v1/projects/earn-app-sy 200
[debug] [2026-05-17T14:00:37.504Z] <<< [apiv2][body] GET https://cloudresourcemanager.googleapis.com/v1/projects/earn-app-sy {"projectNumber":"640289238858","projectId":"earn-app-sy","lifecycleState":"ACTIVE","name":"earn-app-sy","labels":{"firebase":"enabled","firebase-core":"disabled"},"createTime":"2026-03-13T21:07:17.509001Z"}
[info] i  functions: preparing codebase default for deployment 
[info] i  functions: ensuring required API cloudfunctions.googleapis.com is enabled... 
[info] i  functions: ensuring required API cloudbuild.googleapis.com is enabled... 
[info] i  artifactregistry: ensuring required API artifactregistry.googleapis.com is enabled... 
[debug] [2026-05-17T14:00:37.506Z] Checked if tokens are valid: true, expires at: 1779028775776
[debug] [2026-05-17T14:00:37.507Z] Checked if tokens are valid: true, expires at: 1779028775776
[debug] [2026-05-17T14:00:37.507Z] >>> [apiv2][query] GET https://firebase.googleapis.com/v1beta1/projects/earn-app-sy/adminSdkConfig [none]
[debug] [2026-05-17T14:00:38.390Z] <<< [apiv2][status] GET https://firebase.googleapis.com/v1beta1/projects/earn-app-sy/adminSdkConfig 200
[debug] [2026-05-17T14:00:38.391Z] <<< [apiv2][body] GET https://firebase.googleapis.com/v1beta1/projects/earn-app-sy/adminSdkConfig {"projectId":"earn-app-sy","storageBucket":"earn-app-sy.firebasestorage.app"}
[debug] [2026-05-17T14:00:38.392Z] Validating nodejs source
[warn] !  functions: package.json indicates an outdated version of firebase-functions. Please upgrade using npm install --save firebase-functions@latest in your functions directory. 
[debug] [2026-05-17T14:00:39.074Z] > [functions] package.json contents: {
  "name": "functions",
  "description": "Cloud Functions for Firebase",
  "scripts": {
    "serve": "firebase emulators:start --only functions",
    "shell": "firebase functions:shell",
    "start": "npm run shell",
    "deploy": "firebase deploy --only functions",
    "logs": "firebase functions:log"
  },
  "engines": {
    "node": "24"
  },
  "main": "index.js",
  "dependencies": {
    "firebase-admin": "^13.6.0",
    "firebase-functions": "^7.0.0"
  },
  "devDependencies": {
    "firebase-functions-test": "^3.4.1"
  },
  "private": true
}
[debug] [2026-05-17T14:00:39.074Z] Building nodejs source
[info] i  functions: Loading and analyzing source code for codebase default to determine what to deploy 
[debug] [2026-05-17T14:00:39.076Z] Could not find functions.yaml. Must use http discovery
[debug] [2026-05-17T14:00:39.087Z] Found firebase-functions binary at 'C:\Users\Admin\Desktop\my project\earn_app\functions\node_modules\.bin\firebase-functions'
[info] Serving at port 8062

[debug] [2026-05-17T14:00:39.815Z] Got response from /__/functions.yaml {"endpoints":{"cpaleadPostback":{"availableMemoryMb":null,"timeoutSeconds":null,"minInstances":null,"maxInstances":null,"ingressSettings":null,"concurrency":null,"serviceAccountEmail":null,"vpc":null,"platform":"gcfv2","labels":{},"httpsTrigger":{},"entryPoint":"cpaleadPostback"},"processDailyReward":{"availableMemoryMb":null,"timeoutSeconds":null,"minInstances":null,"maxInstances":null,"ingressSettings":null,"concurrency":null,"serviceAccountEmail":null,"vpc":null,"platform":"gcfv2","labels":{},"eventTrigger":{"eventType":"google.cloud.firestore.document.v1.created","eventFilters":{"database":"(default)","namespace":"(default)"},"eventFilterPathPatterns":{"document":"reward_requests/{requestId}"},"retry":false},"entryPoint":"processDailyReward"},"verifytaskandaddpoints":{"availableMemoryMb":null,"timeoutSeconds":null,"minInstances":null,"maxInstances":null,"ingressSettings":null,"concurrency":null,"serviceAccountEmail":null,"vpc":null,"platform":"gcfv2","labels":{},"eventTrigger":{"eventType":"google.cloud.firestore.document.v1.created","eventFilters":{"database":"(default)","namespace":"(default)"},"eventFilterPathPatterns":{"document":"completed_tasks/{taskId}"},"retry":false},"entryPoint":"verifytaskandaddpoints"},"onUserReferralReward":{"availableMemoryMb":null,"timeoutSeconds":null,"minInstances":null,"maxInstances":null,"ingressSettings":null,"concurrency":null,"serviceAccountEmail":null,"vpc":null,"platform":"gcfv2","labels":{},"eventTrigger":{"eventType":"google.cloud.firestore.document.v1.created","eventFilters":{"database":"(default)","namespace":"(default)"},"eventFilterPathPatterns":{"document":"users/{userId}"},"retry":false},"entryPoint":"onUserReferralReward"},"syncGlobalStats":{"availableMemoryMb":null,"timeoutSeconds":null,"minInstances":null,"maxInstances":null,"ingressSettings":null,"concurrency":null,"serviceAccountEmail":null,"vpc":null,"platform":"gcfv2","labels":{},"eventTrigger":{"eventType":"google.cloud.firestore.document.v1.updated","eventFilters":{"database":"(default)","namespace":"(default)"},"eventFilterPathPatterns":{"document":"users/{userId}"},"retry":false},"entryPoint":"syncGlobalStats"},"resetDailyStats":{"availableMemoryMb":null,"timeoutSeconds":null,"minInstances":null,"maxInstances":null,"ingressSettings":null,"concurrency":null,"serviceAccountEmail":null,"vpc":null,"platform":"gcfv2","labels":{},"scheduleTrigger":{"schedule":"0 0 * * *","retryConfig":{"retryCount":null,"maxDoublings":null,"maxRetrySeconds":null,"minBackoffSeconds":null,"maxBackoffSeconds":null},"timeZone":null},"entryPoint":"resetDailyStats"}},"specVersion":"v1alpha1","requiredAPIs":[{"api":"cloudscheduler.googleapis.com","reason":"Needed for scheduled functions."}],"extensions":{}}
[info] i  extensions: ensuring required API firebaseextensions.googleapis.com is enabled... 
[debug] [2026-05-17T14:00:43.893Z] > command requires scopes: ["email","openid","https://www.googleapis.com/auth/cloudplatformprojects.readonly","https://www.googleapis.com/auth/firebase","https://www.googleapis.com/auth/cloud-platform"]
[debug] [2026-05-17T14:00:43.893Z] > authorizing via signed-in user (albiskarbiskar1998@gmail.com)
[debug] [2026-05-17T14:00:43.893Z] [iam] checking project earn-app-sy for permissions ["firebase.projects.get","firebaseextensions.instances.list"]
[debug] [2026-05-17T14:00:43.893Z] Checked if tokens are valid: true, expires at: 1779028775776
[debug] [2026-05-17T14:00:43.893Z] Checked if tokens are valid: true, expires at: 1779028775776
[debug] [2026-05-17T14:00:43.893Z] >>> [apiv2][query] POST https://cloudresourcemanager.googleapis.com/v1/projects/earn-app-sy:testIamPermissions [none]
[debug] [2026-05-17T14:00:43.893Z] >>> [apiv2][(partial)header] POST https://cloudresourcemanager.googleapis.com/v1/projects/earn-app-sy:testIamPermissions  x-goog-user-project=earn-app-sy
[debug] [2026-05-17T14:00:43.893Z] >>> [apiv2][body] POST https://cloudresourcemanager.googleapis.com/v1/projects/earn-app-sy:testIamPermissions {"permissions":["firebase.projects.get","firebaseextensions.instances.list"]}
[debug] [2026-05-17T14:00:44.792Z] <<< [apiv2][status] POST https://cloudresourcemanager.googleapis.com/v1/projects/earn-app-sy:testIamPermissions 200
[debug] [2026-05-17T14:00:44.792Z] <<< [apiv2][body] POST https://cloudresourcemanager.googleapis.com/v1/projects/earn-app-sy:testIamPermissions {"permissions":["firebase.projects.get","firebaseextensions.instances.list"]}
[debug] [2026-05-17T14:00:44.792Z] Checked if tokens are valid: true, expires at: 1779028775776
[debug] [2026-05-17T14:00:44.792Z] Checked if tokens are valid: true, expires at: 1779028775776
[debug] [2026-05-17T14:00:44.794Z] >>> [apiv2][query] GET https://firebaseextensions.googleapis.com/v1beta/projects/earn-app-sy/instances pageSize=100&pageToken=
